<?xml version="1.0" encoding="UTF-8" ?>
<testsuite tests="52" failures="0" name="br.com.contmatic.endereco.EnderecoTest" time="0.205" errors="0" skipped="2">
  <properties>
[...]
</properties>
  <testcase classname="br.com.contmatic.endereco.EnderecoTest" name="deve_aceitar_Cidade_nao_nulo_de_1_até_50_caracteres_alfanumericos_e_espacos" time="0.007"/>
  <testcase classname="br.com.contmatic.endereco.EnderecoTest" name="deve_aceitar_Pais_nao_nulo_de_1_até_50_caracteres_alfabeticos_e_espacos" time="0.004"/>
  <testcase classname="br.com.contmatic.endereco.EnderecoTest" name="deve_aceitar_UF_valido_conforme_enum_estado" time="0.004"/>
  <testcase classname="br.com.contmatic.endereco.EnderecoTest" name="deve_aceitar_bairro_nao_nulo_de_1_até_100_caracteres_alfanumericos_e_espacos" time="0.004"/>
  <testcase classname="br.com.contmatic.endereco.EnderecoTest" name="deve_aceitar_cep_somente_com_8_digitos_numericos" time="0.004"/>
  <testcase classname="br.com.contmatic.endereco.EnderecoTest" name="deve_aceitar_complemento_de_1_até_50_caracteres_alfanumericos_e_espacos" time="0.003"/>
  <testcase classname="br.com.contmatic.endereco.EnderecoTest" name="deve_aceitar_numero_até_99999" time="0.004"/>
  <testcase classname="br.com.contmatic.endereco.EnderecoTest" name="deve_aceitar_rua_nao_nulo_de_1_até_100_caracteres_alfanumericos_e_espacos" time="0.003"/>
  <testcase classname="br.com.contmatic.endereco.EnderecoTest" name="nao_deve_aceitar_Cidade_com_caracteres_especiais" time="0.004"/>
  <testcase classname="br.com.contmatic.endereco.EnderecoTest" name="nao_deve_aceitar_Cidade_com_mais_de_50_digitos" time="0.003"/>
  <testcase classname="br.com.contmatic.endereco.EnderecoTest" name="nao_deve_aceitar_Cidade_nulo" time="0.004"/>
  <testcase classname="br.com.contmatic.endereco.EnderecoTest" name="nao_deve_aceitar_Cidade_vazio" time="0.004"/>
  <testcase classname="br.com.contmatic.endereco.EnderecoTest" name="nao_deve_aceitar_Pais_com_caracteres_especiais" time="0.004"/>
  <testcase classname="br.com.contmatic.endereco.EnderecoTest" name="nao_deve_aceitar_Pais_com_mais_de_50_digitos" time="0.003"/>
  <testcase classname="br.com.contmatic.endereco.EnderecoTest" name="nao_deve_aceitar_Pais_com_numeros" time="0.004"/>
  <testcase classname="br.com.contmatic.endereco.EnderecoTest" name="nao_deve_aceitar_Pais_nulo" time="0.004"/>
  <testcase classname="br.com.contmatic.endereco.EnderecoTest" name="nao_deve_aceitar_Pais_vazio" time="0.004"/>
  <testcase classname="br.com.contmatic.endereco.EnderecoTest" name="nao_deve_aceitar_UF_nulo" time="0.003"/>
  <testcase classname="br.com.contmatic.endereco.EnderecoTest" name="nao_deve_aceitar_bairro_com_caracteres_especiais" time="0.003"/>
  <testcase classname="br.com.contmatic.endereco.EnderecoTest" name="nao_deve_aceitar_bairro_com_mais_de_50_digitos" time="0.004"/>
  <testcase classname="br.com.contmatic.endereco.EnderecoTest" name="nao_deve_aceitar_bairro_com_menos_de_oito_digitos" time="0.004">
    <skipped/>
  </testcase>
  <testcase classname="br.com.contmatic.endereco.EnderecoTest" name="nao_deve_aceitar_bairro_invalido" time="0.004"/>
  <testcase classname="br.com.contmatic.endereco.EnderecoTest" name="nao_deve_aceitar_bairro_nulo" time="0.003"/>
  <testcase classname="br.com.contmatic.endereco.EnderecoTest" name="nao_deve_aceitar_bairro_vazio" time="0.004"/>
  <testcase classname="br.com.contmatic.endereco.EnderecoTest" name="nao_deve_aceitar_cep_com_caracteres_especiais" time="0.004"/>
  <testcase classname="br.com.contmatic.endereco.EnderecoTest" name="nao_deve_aceitar_cep_com_espacos" time="0.003"/>
  <testcase classname="br.com.contmatic.endereco.EnderecoTest" name="nao_deve_aceitar_cep_com_letras" time="0.004"/>
  <testcase classname="br.com.contmatic.endereco.EnderecoTest" name="nao_deve_aceitar_cep_com_mais_de_oito_digitos" time="0.004"/>
  <testcase classname="br.com.contmatic.endereco.EnderecoTest" name="nao_deve_aceitar_cep_com_menos_de_oito_digitos" time="0.003"/>
  <testcase classname="br.com.contmatic.endereco.EnderecoTest" name="nao_deve_aceitar_cep_em_branco" time="0.007"/>
  <testcase classname="br.com.contmatic.endereco.EnderecoTest" name="nao_deve_aceitar_cep_invalido" time="0.004"/>
  <testcase classname="br.com.contmatic.endereco.EnderecoTest" name="nao_deve_aceitar_cep_nulo" time="0.003"/>
  <testcase classname="br.com.contmatic.endereco.EnderecoTest" name="nao_deve_aceitar_cep_vazio" time="0.004"/>
  <testcase classname="br.com.contmatic.endereco.EnderecoTest" name="nao_deve_aceitar_cidade_em_branco" time="0.003"/>
  <testcase classname="br.com.contmatic.endereco.EnderecoTest" name="nao_deve_aceitar_cidade_invalido" time="0.004"/>
  <testcase classname="br.com.contmatic.endereco.EnderecoTest" name="nao_deve_aceitar_complemento_com_caracteres_especiais" time="0.004"/>
  <testcase classname="br.com.contmatic.endereco.EnderecoTest" name="nao_deve_aceitar_complemento_com_mais_de_50_digitos" time="0.004"/>
  <testcase classname="br.com.contmatic.endereco.EnderecoTest" name="nao_deve_aceitar_complemento_invalido" time="0.004"/>
  <testcase classname="br.com.contmatic.endereco.EnderecoTest" name="nao_deve_aceitar_nome_da_rua_em_branco" time="0.005"/>
  <testcase classname="br.com.contmatic.endereco.EnderecoTest" name="nao_deve_aceitar_nome_do_bairro_em_branco" time="0.004"/>
  <testcase classname="br.com.contmatic.endereco.EnderecoTest" name="nao_deve_aceitar_numero_invalido" time="0.004"/>
  <testcase classname="br.com.contmatic.endereco.EnderecoTest" name="nao_deve_aceitar_numero_maior_que_99999" time="0.007"/>
  <testcase classname="br.com.contmatic.endereco.EnderecoTest" name="nao_deve_aceitar_numero_negativo" time="0.004"/>
  <testcase classname="br.com.contmatic.endereco.EnderecoTest" name="nao_deve_aceitar_numero_nulo" time="0.003"/>
  <testcase classname="br.com.contmatic.endereco.EnderecoTest" name="nao_deve_aceitar_pais_em_branco" time="0.004"/>
  <testcase classname="br.com.contmatic.endereco.EnderecoTest" name="nao_deve_aceitar_pais_invalido" time="0.005"/>
  <testcase classname="br.com.contmatic.endereco.EnderecoTest" name="nao_deve_aceitar_rua_com_caracteres_especiais" time="0.003"/>
  <testcase classname="br.com.contmatic.endereco.EnderecoTest" name="nao_deve_aceitar_rua_com_mais_de_100_digitos" time="0.004"/>
  <testcase classname="br.com.contmatic.endereco.EnderecoTest" name="nao_deve_aceitar_rua_com_menos_de_oito_digitos" time="0.004">
    <skipped/>
  </testcase>
  <testcase classname="br.com.contmatic.endereco.EnderecoTest" name="nao_deve_aceitar_rua_invalida" time="0.004"/>
  <testcase classname="br.com.contmatic.endereco.EnderecoTest" name="nao_deve_aceitar_rua_nulo" time="0.004"/>
  <testcase classname="br.com.contmatic.endereco.EnderecoTest" name="nao_deve_aceitar_rua_vazio" time="0.003"/>
</testsuite>