<?xml version="1.0" encoding="UTF-8" ?>
<testsuite tests="41" failures="0" name="br.com.contmatic.empresa.ClienteTest" time="0.457" errors="0" skipped="0">
  <properties>
[...]
</properties>
  <testcase classname="br.com.contmatic.empresa.ClienteTest" name="deve_aceitar_codigo_nao_nulo_com_ate_5_digitos_numericos" time="0.047"/>
  <testcase classname="br.com.contmatic.empresa.ClienteTest" name="deve_aceitar_contato_nao_nulo_de_acordo_com_as_regras_da_classe_contato" time="0.011"/>
  <testcase classname="br.com.contmatic.empresa.ClienteTest" name="deve_aceitar_cpf_valido_somente_com_11_digitos_numericos" time="0.011"/>
  <testcase classname="br.com.contmatic.empresa.ClienteTest" name="deve_aceitar_data_nascimento_nao_nula_a_partir_de_01_01_1900_ate_data_ontem" time="0.011"/>
  <testcase classname="br.com.contmatic.empresa.ClienteTest" name="deve_aceitar_endereco_nao_nulo_de_acordo_com_as_regras_da_classe_endereco" time="0.01"/>
  <testcase classname="br.com.contmatic.empresa.ClienteTest" name="deve_aceitar_nome_nao_nulo_somente_com_letras_e_espacos_de_1_até_100_caracteres" time="0.011"/>
  <testcase classname="br.com.contmatic.empresa.ClienteTest" name="nao_deve_aceitar_codigo_com_caracteres_especiais" time="0.01"/>
  <testcase classname="br.com.contmatic.empresa.ClienteTest" name="nao_deve_aceitar_codigo_com_espacos" time="0.011"/>
  <testcase classname="br.com.contmatic.empresa.ClienteTest" name="nao_deve_aceitar_codigo_com_letras" time="0.008"/>
  <testcase classname="br.com.contmatic.empresa.ClienteTest" name="nao_deve_aceitar_codigo_com_mais_de_cinco_digitos" time="0.009"/>
  <testcase classname="br.com.contmatic.empresa.ClienteTest" name="nao_deve_aceitar_codigo_em_branco" time="0.008"/>
  <testcase classname="br.com.contmatic.empresa.ClienteTest" name="nao_deve_aceitar_codigo_invalido" time="0.011"/>
  <testcase classname="br.com.contmatic.empresa.ClienteTest" name="nao_deve_aceitar_codigo_nulo" time="0.008"/>
  <testcase classname="br.com.contmatic.empresa.ClienteTest" name="nao_deve_aceitar_codigo_vazio" time="0.008"/>
  <testcase classname="br.com.contmatic.empresa.ClienteTest" name="nao_deve_aceitar_contato_nulo" time="0.008"/>
  <testcase classname="br.com.contmatic.empresa.ClienteTest" name="nao_deve_aceitar_cpf_com_caracteres_especiais" time="0.02"/>
  <testcase classname="br.com.contmatic.empresa.ClienteTest" name="nao_deve_aceitar_cpf_com_decimo_digito_invalido" time="0.008"/>
  <testcase classname="br.com.contmatic.empresa.ClienteTest" name="nao_deve_aceitar_cpf_com_decimo_primeiro_digito_invalido" time="0.008"/>
  <testcase classname="br.com.contmatic.empresa.ClienteTest" name="nao_deve_aceitar_cpf_com_espacos" time="0.008"/>
  <testcase classname="br.com.contmatic.empresa.ClienteTest" name="nao_deve_aceitar_cpf_com_letras" time="0.008"/>
  <testcase classname="br.com.contmatic.empresa.ClienteTest" name="nao_deve_aceitar_cpf_com_mais_de_onze_digitos" time="0.009"/>
  <testcase classname="br.com.contmatic.empresa.ClienteTest" name="nao_deve_aceitar_cpf_com_menos_de_onze_digitos" time="0.007"/>
  <testcase classname="br.com.contmatic.empresa.ClienteTest" name="nao_deve_aceitar_cpf_com_todos_os_digitos_repetidos" time="0.063"/>
  <testcase classname="br.com.contmatic.empresa.ClienteTest" name="nao_deve_aceitar_cpf_invalido" time="0.008"/>
  <testcase classname="br.com.contmatic.empresa.ClienteTest" name="nao_deve_aceitar_cpf_nulo" time="0.007"/>
  <testcase classname="br.com.contmatic.empresa.ClienteTest" name="nao_deve_aceitar_data_nascimento_anterior_a_01_01_1900" time="0.007"/>
  <testcase classname="br.com.contmatic.empresa.ClienteTest" name="nao_deve_aceitar_data_nascimento_invalida" time="0.007"/>
  <testcase classname="br.com.contmatic.empresa.ClienteTest" name="nao_deve_aceitar_data_nascimento_nula" time="0.006"/>
  <testcase classname="br.com.contmatic.empresa.ClienteTest" name="nao_deve_aceitar_data_nascimento_posterior_ou_igual_a_data_atual" time="0.007"/>
  <testcase classname="br.com.contmatic.empresa.ClienteTest" name="nao_deve_aceitar_endereco_nulo" time="0.006"/>
  <testcase classname="br.com.contmatic.empresa.ClienteTest" name="nao_deve_aceitar_espaco_no_comeco_do_nome" time="0.01"/>
  <testcase classname="br.com.contmatic.empresa.ClienteTest" name="nao_deve_aceitar_espaco_no_final_do_nome" time="0.01"/>
  <testcase classname="br.com.contmatic.empresa.ClienteTest" name="nao_deve_aceitar_nome_com_caracteres_especiais" time="0.01"/>
  <testcase classname="br.com.contmatic.empresa.ClienteTest" name="nao_deve_aceitar_nome_com_numeros" time="0.01"/>
  <testcase classname="br.com.contmatic.empresa.ClienteTest" name="nao_deve_aceitar_nome_em_branco" time="0.009"/>
  <testcase classname="br.com.contmatic.empresa.ClienteTest" name="nao_deve_aceitar_nome_invalido" time="0.007"/>
  <testcase classname="br.com.contmatic.empresa.ClienteTest" name="nao_deve_aceitar_nome_maior_que_cem_caracteres" time="0.01"/>
  <testcase classname="br.com.contmatic.empresa.ClienteTest" name="nao_deve_aceitar_nome_nulo" time="0.01"/>
  <testcase classname="br.com.contmatic.empresa.ClienteTest" name="nao_deve_aceitar_nome_vazio" time="0.007"/>
  <testcase classname="br.com.contmatic.empresa.ClienteTest" name="nao_deve_aceitar_numero_do_cpf_em_branco" time="0.006"/>
  <testcase classname="br.com.contmatic.empresa.ClienteTest" name="nao_deve_aceitar_numero_do_cpf_vazio" time="0.007"/>
</testsuite>